<?xml version="1.0" encoding="UTF-8"?>
<testsuite xmlns:xsi="http://www.w3.org/2001/XMLSchema-instance" xsi:noNamespaceSchemaLocation="https://maven.apache.org/surefire/maven-surefire-plugin/xsd/surefire-test-report-3.0.xsd" version="3.0" name="InzhenerkaLoginTest" time="5.085" tests="1" errors="0" skipped="0" failures="0">
  <properties>
[...]
</properties>
  <testcase name="loginTest" classname="InzhenerkaLoginTest" time="5.078">
    <system-err><![CDATA[SLF4J: Failed to load class "org.slf4j.impl.StaticLoggerBinder".
SLF4J: Defaulting to no-operation (NOP) logger implementation
SLF4J: See http://www.slf4j.org/codes.html#StaticLoggerBinder for further details.
1722154856046	geckodriver	INFO	Listening on 127.0.0.1:14232
1722154856114	mozrunner::runner	INFO	Running command: MOZ_CRASHREPORTER="1" MOZ_CRASHREPORTER_NO_REPORT="1" MOZ_CRASHREPORTER_SHUTDOWN="1" MOZ_NO_REMOTE="1" "/App ... e" "-headless" "-foreground" "-no-remote" "-profile" "/var/folders/g0/m3fvjwk57x99ns0295m_nf140000gn/T/rust_mozprofilevzGUqa"
*** You are running in headless mode.
console.warn: services.settings: Ignoring preference override of remote settings server
console.warn: services.settings: Allow by setting MOZ_REMOTE_SETTINGS_DEVTOOLS=1 in the environment
1722154856330	Marionette	INFO	Marionette enabled
1722154856523	Marionette	INFO	Listening on port 63194
1722154856664	RemoteAgent	WARN	TLS certificate errors will be ignored for this session
[GFX1-]: RenderCompositorSWGL failed mapping default framebuffer, no dt
Jul 28, 2024 11:20:57 AM org.openqa.selenium.remote.ProtocolHandshake createSession
INFO: Detected dialect: W3C
console.warn: LoginRecipes: "Falling back to a synchronous message for: http://qa-stand-login.inzhenerka.tech."
console.warn: LoginRecipes: "Falling back to a synchronous message for: http://qa-stand-login.inzhenerka.tech."
]]></system-err>
  </testcase>
</testsuite>