<?xml version="1.0" encoding="UTF-8"?>
<testsuite xmlns:xsi="http://www.w3.org/2001/XMLSchema-instance" xsi:noNamespaceSchemaLocation="https://maven.apache.org/surefire/maven-surefire-plugin/xsd/surefire-test-report-3.0.xsd" version="3.0" name="InzhenerkaLoginTest" time="2.932" tests="1" errors="1" skipped="0" failures="0">
  <properties>
[...]
</properties>
  <testcase name="loginTest" classname="InzhenerkaLoginTest" time="2.919">
    <error type="org.openqa.selenium.SessionNotCreatedException"><![CDATA[org.openqa.selenium.SessionNotCreatedException: 
session not created: This version of ChromeDriver only supports Chrome version 114
Current browser version is 124.0.6367.91 with binary path /Applications/Google Chrome.app/Contents/MacOS/Google Chrome
Build info: version: '3.141.59', revision: 'e82be7d358', time: '2018-11-14T08:17:03'
System info: host: 'DeeUS-MB.local', ip: '192.168.1.31', os.name: 'Mac OS X', os.arch: 'aarch64', os.version: '14.5', java.version: '19.0.1'
Driver info: driver.version: SelenideDriver
selenide.url: http://qa-stand-login.inzhenerka.tech/login
selenide.baseUrl: http://localhost:8080
remote stacktrace: 0   chromedriver                        0x00000001025bbf48 chromedriver + 4226888
1   chromedriver                        0x00000001025b44f4 chromedriver + 4195572
2   chromedriver                        0x00000001021f8d68 chromedriver + 281960
3   chromedriver                        0x0000000102224bac chromedriver + 461740
4   chromedriver                        0x0000000102220fd8 chromedriver + 446424
5   chromedriver                        0x000000010221e150 chromedriver + 434512
6   chromedriver                        0x000000010225b93c chromedriver + 686396
7   chromedriver                        0x000000010225b164 chromedriver + 684388
8   chromedriver                        0x0000000102227f1c chromedriver + 474908
9   chromedriver                        0x0000000102228ef4 chromedriver + 478964
10  chromedriver                        0x000000010257d59c chromedriver + 3970460
11  chromedriver                        0x00000001025816f0 chromedriver + 3987184
12  chromedriver                        0x00000001025875b4 chromedriver + 4011444
13  chromedriver                        0x00000001025822fc chromedriver + 3990268
14  chromedriver                        0x000000010255a1c0 chromedriver + 3826112
15  chromedriver                        0x000000010259e088 chromedriver + 4104328
16  chromedriver                        0x000000010259e1e0 chromedriver + 4104672
17  chromedriver                        0x00000001025adf28 chromedriver + 4169512
18  libsystem_pthread.dylib             0x000000018cd66f94 _pthread_start + 136
19  libsystem_pthread.dylib             0x000000018cd61d34 thread_start + 8

	at InzhenerkaLoginTest.loginTest(InzhenerkaLoginTest.java:18)
]]></error>
    <system-err><![CDATA[SLF4J: Failed to load class "org.slf4j.impl.StaticLoggerBinder".
SLF4J: Defaulting to no-operation (NOP) logger implementation
SLF4J: See http://www.slf4j.org/codes.html#StaticLoggerBinder for further details.
Starting ChromeDriver 114.0.5735.90 (386bc09e8f4f2e025eddae123f36f6263096ae49-refs/branch-heads/5735@{#1052}) on port 12242
Only local connections are allowed.
Please see https://chromedriver.chromium.org/security-considerations for suggestions on keeping ChromeDriver safe.
ChromeDriver was started successfully.
]]></system-err>
  </testcase>
</testsuite>